#
# There is insufficient memory for the Java Runtime Environment to continue.
# Native memory allocation (mmap) failed to map 26214400 bytes. Error detail: G1 virtual space
# Possible reasons:
#   The system is out of physical RAM or swap space
#   This process is running with CompressedOops enabled, and the Java Heap may be blocking the growth of the native heap
# Possible solutions:
#   Reduce memory load on the system
#   Increase physical memory or swap space
#   Check if swap backing store is full
#   Decrease Java heap size (-Xmx/-Xms)
#   Decrease number of Java threads
#   Decrease Java thread stack sizes (-Xss)
#   Set larger code cache with -XX:ReservedCodeCacheSize=
#   JVM is running with Unscaled Compressed Oops mode in which the Java heap is
#     placed in the first 4GB address space. The Java Heap base address is the
#     maximum limit for the native heap growth. Please use -XX:HeapBaseMinAddress
#     to set the Java Heap base and to place the Java Heap above 4GB virtual address.
# This output file may be truncated or incomplete.
#
#  Out of Memory Error (os_windows.cpp:3825), pid=1556, tid=22472
#
# JRE version: OpenJDK Runtime Environment (17.0.11) (build 17.0.11+0--11852314)
# Java VM: OpenJDK 64-Bit Server VM (17.0.11+0--11852314, mixed mode, tiered, compressed oops, compressed class ptrs, g1 gc, windows-amd64)
# No core dump will be written. Minidumps are not enabled by default on client versions of Windows
#

---------------  S U M M A R Y ------------

Command Line: --add-opens=java.base/java.util=ALL-UNNAMED --add-opens=java.base/java.lang=ALL-UNNAMED --add-opens=java.base/java.lang.invoke=ALL-UNNAMED --add-opens=java.prefs/java.util.prefs=ALL-UNNAMED --add-opens=java.base/java.nio.charset=ALL-UNNAMED --add-opens=java.base/java.net=ALL-UNNAMED --add-opens=java.base/java.util.concurrent.atomic=ALL-UNNAMED -Xmx2048m -Dfile.encoding=UTF-8 -Duser.country=US -Duser.language=en -Duser.variant -javaagent:C:\Users\23480\.gradle\wrapper\dists\gradle-8.7-bin\bhs2wmbdwecv87pi65oeuq5iu\gradle-8.7\lib\agents\gradle-instrumentation-agent-8.7.jar org.gradle.launcher.daemon.bootstrap.GradleDaemon 8.7

Host: AMD Ryzen 3 5300U with Radeon Graphics         , 8 cores, 7G,  Windows 11 , 64 bit Build 22621 (10.0.22621.3958)
Time: Thu Aug 29 10:12:41 2024 W. Central Africa Standard Time elapsed time: 21.226382 seconds (0d 0h 0m 21s)

---------------  T H R E A D  ---------------

Current thread (0x000002563c739ac0):  VMThread "VM Thread" [stack: 0x000000abaaa00000,0x000000abaab00000] [id=22472]

Stack: [0x000000abaaa00000,0x000000abaab00000]
Native frames: (J=compiled Java code, j=interpreted, Vv=VM code, C=native code)
V  [jvm.dll+0x687bb9]
V  [jvm.dll+0x84142a]
V  [jvm.dll+0x8430ae]
V  [jvm.dll+0x843713]
V  [jvm.dll+0x24a35f]
V  [jvm.dll+0x684989]
V  [jvm.dll+0x67923a]
V  [jvm.dll+0x30af0b]
V  [jvm.dll+0x3123b6]
V  [jvm.dll+0x361dfe]
V  [jvm.dll+0x36202f]
V  [jvm.dll+0x2e0d38]
V  [jvm.dll+0x2df144]
V  [jvm.dll+0x2de74c]
V  [jvm.dll+0x32305b]
V  [jvm.dll+0x847e0b]
V  [jvm.dll+0x848b42]
V  [jvm.dll+0x84905d]
V  [jvm.dll+0x849434]
V  [jvm.dll+0x849500]
V  [jvm.dll+0x7efa4a]
V  [jvm.dll+0x686a35]
C  [ucrtbase.dll+0x29333]
C  [KERNEL32.DLL+0x1257d]
C  [ntdll.dll+0x5af28]

VM_Operation (0x000000abac1f43a0): G1CollectForAllocation, mode: safepoint, requested by thread 0x000002564130eb00


---------------  P R O C E S S  ---------------

Threads class SMR info:
_java_thread_list=0x0000025642dc5a30, length=50, elements={
0x000002562289bfd0, 0x000002563c73d170, 0x000002563c73dff0, 0x000002563c76d6b0,
0x000002563c76e440, 0x000002563c8bbd70, 0x000002563c8bd740, 0x000002563c8c9940,
0x000002563c8ca340, 0x000002563c8d3510, 0x000002563c6dadc0, 0x000002563cbf9d40,
0x0000025642579d60, 0x00000256428b90a0, 0x00000256428ca4a0, 0x0000025641ce81d0,
0x0000025641ce86b0, 0x000002564130e620, 0x000002564130eb00, 0x00000256413029c0,
0x0000025641301580, 0x0000025641302ed0, 0x0000025641303e00, 0x00000256413033e0,
0x0000025641304310, 0x0000025641304820, 0x0000025641301070, 0x0000025641301a90,
0x0000025641301fa0, 0x00000256413024b0, 0x0000025643070c50, 0x000002564306a710,
0x0000025643070230, 0x000002564306f810, 0x000002564306cf90, 0x000002564306d9b0,
0x000002564306f300, 0x000002564306c570, 0x0000025643071160, 0x000002564306ac20,
0x000002564306d4a0, 0x000002564306e3d0, 0x0000025643071670, 0x0000025643071b80,
0x000002564306fd20, 0x000002564306edf0, 0x000002564306dec0, 0x000002564306e8e0,
0x000002564306b640, 0x0000025643070740
}

Java Threads: ( => current thread )
  0x000002562289bfd0 JavaThread "main" [_thread_blocked, id=4392, stack(0x000000abaa400000,0x000000abaa500000)]
  0x000002563c73d170 JavaThread "Reference Handler" daemon [_thread_blocked, id=9036, stack(0x000000abaab00000,0x000000abaac00000)]
  0x000002563c73dff0 JavaThread "Finalizer" daemon [_thread_blocked, id=7356, stack(0x000000abaac00000,0x000000abaad00000)]
  0x000002563c76d6b0 JavaThread "Signal Dispatcher" daemon [_thread_blocked, id=21872, stack(0x000000abaad00000,0x000000abaae00000)]
  0x000002563c76e440 JavaThread "Attach Listener" daemon [_thread_blocked, id=20676, stack(0x000000abaae00000,0x000000abaaf00000)]
  0x000002563c8bbd70 JavaThread "Service Thread" daemon [_thread_blocked, id=13612, stack(0x000000abaaf00000,0x000000abab000000)]
  0x000002563c8bd740 JavaThread "Monitor Deflation Thread" daemon [_thread_blocked, id=11784, stack(0x000000abab000000,0x000000abab100000)]
  0x000002563c8c9940 JavaThread "C2 CompilerThread0" daemon [_thread_blocked, id=3152, stack(0x000000abab100000,0x000000abab200000)]
  0x000002563c8ca340 JavaThread "C1 CompilerThread0" daemon [_thread_blocked, id=8048, stack(0x000000abab200000,0x000000abab300000)]
  0x000002563c8d3510 JavaThread "Sweeper thread" daemon [_thread_blocked, id=14356, stack(0x000000abab300000,0x000000abab400000)]
  0x000002563c6dadc0 JavaThread "Common-Cleaner" daemon [_thread_blocked, id=17844, stack(0x000000abab400000,0x000000abab500000)]
  0x000002563cbf9d40 JavaThread "Notification Thread" daemon [_thread_blocked, id=5452, stack(0x000000abab500000,0x000000abab600000)]
  0x0000025642579d60 JavaThread "Daemon health stats" [_thread_blocked, id=15032, stack(0x000000ababb00000,0x000000ababc00000)]
  0x00000256428b90a0 JavaThread "Incoming local TCP Connector on port 55716" [_thread_in_native, id=21940, stack(0x000000ababc00000,0x000000ababd00000)]
  0x00000256428ca4a0 JavaThread "Daemon periodic checks" [_thread_blocked, id=3420, stack(0x000000ababd00000,0x000000ababe00000)]
  0x0000025641ce81d0 JavaThread "Daemon" [_thread_blocked, id=13988, stack(0x000000ababe00000,0x000000ababf00000)]
  0x0000025641ce86b0 JavaThread "Handler for socket connection from /127.0.0.1:55716 to /127.0.0.1:55717" [_thread_in_native, id=15336, stack(0x000000ababf00000,0x000000abac000000)]
  0x000002564130e620 JavaThread "Cancel handler" [_thread_blocked, id=4932, stack(0x000000abac000000,0x000000abac100000)]
  0x000002564130eb00 JavaThread "Daemon worker" [_thread_blocked, id=4208, stack(0x000000abac100000,0x000000abac200000)]
  0x00000256413029c0 JavaThread "Asynchronous log dispatcher for DefaultDaemonConnection: socket connection from /127.0.0.1:55716 to /127.0.0.1:55717" [_thread_blocked, id=21124, stack(0x000000abac200000,0x000000abac300000)]
  0x0000025641301580 JavaThread "Stdin handler" [_thread_blocked, id=21848, stack(0x000000abac300000,0x000000abac400000)]
  0x0000025641302ed0 JavaThread "Daemon client event forwarder" [_thread_blocked, id=18876, stack(0x000000abac400000,0x000000abac500000)]
  0x0000025641303e00 JavaThread "Cache worker for journal cache (C:\Users\23480\.gradle\caches\journal-1)" [_thread_blocked, id=12880, stack(0x000000abac900000,0x000000abaca00000)]
  0x00000256413033e0 JavaThread "File lock request listener" [_thread_in_native, id=5364, stack(0x000000abaca00000,0x000000abacb00000)]
  0x0000025641304310 JavaThread "Cache worker for file hash cache (C:\Users\23480\.gradle\caches\8.7\fileHashes)" [_thread_blocked, id=16004, stack(0x000000abacb00000,0x000000abacc00000)]
  0x0000025641304820 JavaThread "Cache worker for file hash cache (C:\Users\23480\AndroidStudioProjects\PermissionStevda\.gradle\8.7\fileHashes)" [_thread_blocked, id=11780, stack(0x000000abacc00000,0x000000abacd00000)]
  0x0000025641301070 JavaThread "File watcher server" daemon [_thread_blocked, id=16252, stack(0x000000abacd00000,0x000000abace00000)]
  0x0000025641301a90 JavaThread "File watcher consumer" daemon [_thread_blocked, id=7480, stack(0x000000abace00000,0x000000abacf00000)]
  0x0000025641301fa0 JavaThread "jar transforms" [_thread_blocked, id=7932, stack(0x000000abacf00000,0x000000abad000000)]
  0x00000256413024b0 JavaThread "jar transforms Thread 2" [_thread_blocked, id=3176, stack(0x000000abad000000,0x000000abad100000)]
  0x0000025643070c50 JavaThread "jar transforms Thread 3" [_thread_blocked, id=21716, stack(0x000000abad100000,0x000000abad200000)]
  0x000002564306a710 JavaThread "jar transforms Thread 4" [_thread_blocked, id=22184, stack(0x000000abad200000,0x000000abad300000)]
  0x0000025643070230 JavaThread "jar transforms Thread 5" [_thread_blocked, id=9908, stack(0x000000abad300000,0x000000abad400000)]
  0x000002564306f810 JavaThread "jar transforms Thread 6" [_thread_blocked, id=8548, stack(0x000000abad400000,0x000000abad500000)]
  0x000002564306cf90 JavaThread "jar transforms Thread 7" [_thread_blocked, id=14024, stack(0x000000abad500000,0x000000abad600000)]
  0x000002564306d9b0 JavaThread "jar transforms Thread 8" [_thread_blocked, id=20896, stack(0x000000abad600000,0x000000abad700000)]
  0x000002564306f300 JavaThread "Cache worker for checksums cache (C:\Users\23480\AndroidStudioProjects\PermissionStevda\.gradle\8.7\checksums)" [_thread_blocked, id=8704, stack(0x000000abad700000,0x000000abad800000)]
  0x000002564306c570 JavaThread "Cache worker for cache directory md-supplier (C:\Users\23480\.gradle\caches\8.7\md-supplier)" [_thread_blocked, id=18456, stack(0x000000abad800000,0x000000abad900000)]
  0x0000025643071160 JavaThread "Cache worker for cache directory md-rule (C:\Users\23480\.gradle\caches\8.7\md-rule)" [_thread_blocked, id=12228, stack(0x000000abad900000,0x000000abada00000)]
  0x000002564306ac20 JavaThread "Cache worker for file content cache (C:\Users\23480\.gradle\caches\8.7\fileContent)" [_thread_blocked, id=22336, stack(0x000000abada00000,0x000000abadb00000)]
  0x000002564306d4a0 JavaThread "Unconstrained build operations" [_thread_blocked, id=16604, stack(0x000000abadb00000,0x000000abadc00000)]
  0x000002564306e3d0 JavaThread "Unconstrained build operations Thread 2" [_thread_blocked, id=19632, stack(0x000000abadc00000,0x000000abadd00000)]
  0x0000025643071670 JavaThread "Unconstrained build operations Thread 3" [_thread_blocked, id=11852, stack(0x000000abadd00000,0x000000abade00000)]
  0x0000025643071b80 JavaThread "Unconstrained build operations Thread 4" [_thread_blocked, id=16392, stack(0x000000abade00000,0x000000abadf00000)]
  0x000002564306fd20 JavaThread "Unconstrained build operations Thread 5" [_thread_blocked, id=5556, stack(0x000000abadf00000,0x000000abae000000)]
  0x000002564306edf0 JavaThread "Unconstrained build operations Thread 6" [_thread_blocked, id=20024, stack(0x000000abae000000,0x000000abae100000)]
  0x000002564306dec0 JavaThread "Unconstrained build operations Thread 7" [_thread_blocked, id=21152, stack(0x000000abae100000,0x000000abae200000)]
  0x000002564306e8e0 JavaThread "Unconstrained build operations Thread 8" [_thread_blocked, id=4180, stack(0x000000abae200000,0x000000abae300000)]
  0x000002564306b640 JavaThread "Unconstrained build operations Thread 9" [_thread_blocked, id=11200, stack(0x000000abae300000,0x000000abae400000)]
  0x0000025643070740 JavaThread "Cache worker for Build Output Cleanup Cache (C:\Users\23480\AndroidStudioProjects\PermissionStevda\.gradle\buildOutputCleanup)" [_thread_blocked, id=1232, stack(0x000000abae400000,0x000000abae500000)]

Other Threads:
=>0x000002563c739ac0 VMThread "VM Thread" [stack: 0x000000abaaa00000,0x000000abaab00000] [id=22472]
  0x000002563cb40730 WatcherThread [stack: 0x000000abab600000,0x000000abab700000] [id=1800]
  0x00000256228f7170 GCTaskThread "GC Thread#0" [stack: 0x000000abaa500000,0x000000abaa600000] [id=15768]
  0x0000025641163730 GCTaskThread "GC Thread#1" [stack: 0x000000abab700000,0x000000abab800000] [id=21852]
  0x0000025641a28fa0 GCTaskThread "GC Thread#2" [stack: 0x000000abab800000,0x000000abab900000] [id=10640]
  0x00000256416b7b30 GCTaskThread "GC Thread#3" [stack: 0x000000abab900000,0x000000ababa00000] [id=21892]
  0x0000025641945c90 GCTaskThread "GC Thread#4" [stack: 0x000000ababa00000,0x000000ababb00000] [id=6912]
  0x00000256426f3f60 GCTaskThread "GC Thread#5" [stack: 0x000000abac500000,0x000000abac600000] [id=22216]
  0x0000025641366980 GCTaskThread "GC Thread#6" [stack: 0x000000abac600000,0x000000abac700000] [id=19364]
  0x0000025641044030 GCTaskThread "GC Thread#7" [stack: 0x000000abac700000,0x000000abac800000] [id=13628]
  0x00000256229080c0 ConcurrentGCThread "G1 Main Marker" [stack: 0x000000abaa600000,0x000000abaa700000] [id=21808]
  0x0000025622908ae0 ConcurrentGCThread "G1 Conc#0" [stack: 0x000000abaa700000,0x000000abaa800000] [id=17476]
  0x00000256410f0a00 ConcurrentGCThread "G1 Conc#1" [stack: 0x000000abac800000,0x000000abac900000] [id=13420]
  0x000002563c5a64e0 ConcurrentGCThread "G1 Refine#0" [stack: 0x000000abaa800000,0x000000abaa900000] [id=5764]
  0x000002562294d540 ConcurrentGCThread "G1 Service" [stack: 0x000000abaa900000,0x000000abaaa00000] [id=18820]

Threads with active compile tasks:
C2 CompilerThread0    21283 5402  s!   4       jdk.internal.loader.URLClassPath::getLoader (194 bytes)
C1 CompilerThread0    21283 5673       2       java.util.regex.Matcher::search (154 bytes)

VM state: at safepoint (normal execution)

VM Mutex/Monitor currently owned by a thread:  ([mutex/lock_event])
[0x0000025622898b10] Threads_lock - owner thread: 0x000002563c739ac0
[0x0000025622898450] Heap_lock - owner thread: 0x000002564130eb00

Heap address: 0x0000000080000000, size: 2048 MB, Compressed Oops mode: 32-bit

CDS archive(s) not mapped
Compressed class space mapped at: 0x0000000100000000-0x0000000140000000, reserved size: 1073741824
Narrow klass base: 0x0000000000000000, Narrow klass shift: 3, Narrow klass range: 0x140000000

GC Precious Log:
 CPUs: 8 total, 8 available
 Memory: 7502M
 Large Page Support: Disabled
 NUMA Support: Disabled
 Compressed Oops: Enabled (32-bit)
 Heap Region Size: 1M
 Heap Min Capacity: 8M
 Heap Initial Capacity: 118M
 Heap Max Capacity: 2G
 Pre-touch: Disabled
 Parallel Workers: 8
 Concurrent Workers: 2
 Concurrent Refinement Workers: 8
 Periodic GC: Disabled

Heap:
 garbage-first heap   total 128000K, used 75519K [0x0000000080000000, 0x0000000100000000)
  region size 1024K, 4 young (4096K), 4 survivors (4096K)
 Metaspace       used 62381K, committed 63040K, reserved 1114112K
  class space    used 8560K, committed 8896K, reserved 1048576K

Heap Regions: E=young(eden), S=young(survivor), O=old, HS=humongous(starts), HC=humongous(continues), CS=collection set, F=free, OA=open archive, CA=closed archive, TAMS=top-at-mark-start (previous, next)
|   0|0x0000000080000000, 0x0000000080100000, 0x0000000080100000|100%|HS|  |TAMS 0x0000000080100000, 0x0000000080000000| Complete 
|   1|0x0000000080100000, 0x0000000080200000, 0x0000000080200000|100%|HC|  |TAMS 0x0000000080200000, 0x0000000080100000| Complete 
|   2|0x0000000080200000, 0x0000000080300000, 0x0000000080300000|100%|HC|  |TAMS 0x0000000080300000, 0x0000000080200000| Complete 
|   3|0x0000000080300000, 0x0000000080400000, 0x0000000080400000|100%|HC|  |TAMS 0x0000000080400000, 0x0000000080300000| Complete 
|   4|0x0000000080400000, 0x0000000080500000, 0x0000000080500000|100%| O|  |TAMS 0x0000000080500000, 0x0000000080400000| Untracked 
|   5|0x0000000080500000, 0x0000000080600000, 0x0000000080600000|100%| O|  |TAMS 0x0000000080600000, 0x0000000080500000| Untracked 
|   6|0x0000000080600000, 0x0000000080700000, 0x0000000080700000|100%| O|  |TAMS 0x0000000080700000, 0x0000000080600000| Untracked 
|   7|0x0000000080700000, 0x0000000080800000, 0x0000000080800000|100%| O|  |TAMS 0x0000000080800000, 0x0000000080700000| Untracked 
|   8|0x0000000080800000, 0x0000000080900000, 0x0000000080900000|100%| O|  |TAMS 0x0000000080900000, 0x0000000080800000| Untracked 
|   9|0x0000000080900000, 0x0000000080a00000, 0x0000000080a00000|100%| O|  |TAMS 0x0000000080a00000, 0x0000000080900000| Untracked 
|  10|0x0000000080a00000, 0x0000000080b00000, 0x0000000080b00000|100%| O|  |TAMS 0x0000000080b00000, 0x0000000080a00000| Untracked 
|  11|0x0000000080b00000, 0x0000000080c00000, 0x0000000080c00000|100%| O|  |TAMS 0x0000000080c00000, 0x0000000080b00000| Untracked 
|  12|0x0000000080c00000, 0x0000000080c24a00, 0x0000000080d00000| 14%| O|  |TAMS 0x0000000080c24a00, 0x0000000080c00000| Complete 
|  13|0x0000000080d00000, 0x0000000080e00000, 0x0000000080e00000|100%| O|  |TAMS 0x0000000080e00000, 0x0000000080d00000| Untracked 
|  14|0x0000000080e00000, 0x0000000080f00000, 0x0000000080f00000|100%| O|  |TAMS 0x0000000080f00000, 0x0000000080e00000| Untracked 
|  15|0x0000000080f00000, 0x0000000081000000, 0x0000000081000000|100%| O|  |TAMS 0x0000000081000000, 0x0000000080f00000| Untracked 
|  16|0x0000000081000000, 0x0000000081100000, 0x0000000081100000|100%| O|  |TAMS 0x0000000081100000, 0x0000000081000000| Untracked 
|  17|0x0000000081100000, 0x0000000081200000, 0x0000000081200000|100%| O|  |TAMS 0x0000000081200000, 0x0000000081100000| Untracked 
|  18|0x0000000081200000, 0x0000000081300000, 0x0000000081300000|100%| O|  |TAMS 0x0000000081300000, 0x0000000081200000| Untracked 
|  19|0x0000000081300000, 0x0000000081400000, 0x0000000081400000|100%| O|  |TAMS 0x0000000081400000, 0x0000000081300000| Untracked 
|  20|0x0000000081400000, 0x0000000081500000, 0x0000000081500000|100%| O|  |TAMS 0x0000000081500000, 0x0000000081400000| Untracked 
|  21|0x0000000081500000, 0x0000000081600000, 0x0000000081600000|100%|HS|  |TAMS 0x0000000081600000, 0x0000000081500000| Complete 
|  22|0x0000000081600000, 0x0000000081700000, 0x0000000081700000|100%|HC|  |TAMS 0x0000000081700000, 0x0000000081600000| Complete 
|  23|0x0000000081700000, 0x0000000081800000, 0x0000000081800000|100%|HC|  |TAMS 0x0000000081800000, 0x0000000081700000| Complete 
|  24|0x0000000081800000, 0x0000000081900000, 0x0000000081900000|100%|HC|  |TAMS 0x0000000081900000, 0x0000000081800000| Complete 
|  25|0x0000000081900000, 0x0000000081a00000, 0x0000000081a00000|100%|HC|  |TAMS 0x0000000081a00000, 0x0000000081900000| Complete 
|  26|0x0000000081a00000, 0x0000000081b00000, 0x0000000081b00000|100%|HS|  |TAMS 0x0000000081b00000, 0x0000000081a00000| Complete 
|  27|0x0000000081b00000, 0x0000000081c00000, 0x0000000081c00000|100%|HC|  |TAMS 0x0000000081c00000, 0x0000000081b00000| Complete 
|  28|0x0000000081c00000, 0x0000000081d00000, 0x0000000081d00000|100%|HC|  |TAMS 0x0000000081d00000, 0x0000000081c00000| Complete 
|  29|0x0000000081d00000, 0x0000000081e00000, 0x0000000081e00000|100%| O|  |TAMS 0x0000000081e00000, 0x0000000081d00000| Untracked 
|  30|0x0000000081e00000, 0x0000000081f00000, 0x0000000081f00000|100%| O|  |TAMS 0x0000000081f00000, 0x0000000081e00000| Untracked 
|  31|0x0000000081f00000, 0x0000000082000000, 0x0000000082000000|100%|HS|  |TAMS 0x0000000082000000, 0x0000000081f00000| Complete 
|  32|0x0000000082000000, 0x0000000082100000, 0x0000000082100000|100%|HC|  |TAMS 0x0000000082100000, 0x0000000082000000| Complete 
|  33|0x0000000082100000, 0x0000000082200000, 0x0000000082200000|100%|HC|  |TAMS 0x0000000082200000, 0x0000000082100000| Complete 
|  34|0x0000000082200000, 0x0000000082300000, 0x0000000082300000|100%| O|  |TAMS 0x0000000082300000, 0x0000000082200000| Untracked 
|  35|0x0000000082300000, 0x0000000082400000, 0x0000000082400000|100%| O|  |TAMS 0x0000000082400000, 0x0000000082300000| Untracked 
|  36|0x0000000082400000, 0x0000000082500000, 0x0000000082500000|100%| O|  |TAMS 0x0000000082500000, 0x0000000082400000| Untracked 
|  37|0x0000000082500000, 0x0000000082600000, 0x0000000082600000|100%| O|  |TAMS 0x0000000082600000, 0x0000000082500000| Untracked 
|  38|0x0000000082600000, 0x0000000082700000, 0x0000000082700000|100%|HS|  |TAMS 0x0000000082700000, 0x0000000082600000| Complete 
|  39|0x0000000082700000, 0x0000000082800000, 0x0000000082800000|100%| O|  |TAMS 0x0000000082800000, 0x0000000082700000| Untracked 
|  40|0x0000000082800000, 0x0000000082900000, 0x0000000082900000|100%| O|  |TAMS 0x0000000082900000, 0x0000000082800000| Untracked 
|  41|0x0000000082900000, 0x0000000082a00000, 0x0000000082a00000|100%| O|  |TAMS 0x0000000082a00000, 0x0000000082900000| Untracked 
|  42|0x0000000082a00000, 0x0000000082b00000, 0x0000000082b00000|100%| O|  |TAMS 0x0000000082b00000, 0x0000000082a00000| Untracked 
|  43|0x0000000082b00000, 0x0000000082c00000, 0x0000000082c00000|100%| O|  |TAMS 0x0000000082c00000, 0x0000000082b00000| Untracked 
|  44|0x0000000082c00000, 0x0000000082d00000, 0x0000000082d00000|100%| O|  |TAMS 0x0000000082d00000, 0x0000000082c00000| Untracked 
|  45|0x0000000082d00000, 0x0000000082e00000, 0x0000000082e00000|100%| O|  |TAMS 0x0000000082e00000, 0x0000000082d00000| Untracked 
|  46|0x0000000082e00000, 0x0000000082f00000, 0x0000000082f00000|100%| O|  |TAMS 0x0000000082f00000, 0x0000000082e00000| Untracked 
|  47|0x0000000082f00000, 0x0000000083000000, 0x0000000083000000|100%|HS|  |TAMS 0x0000000083000000, 0x0000000082f00000| Complete 
|  48|0x0000000083000000, 0x0000000083100000, 0x0000000083100000|100%|HC|  |TAMS 0x0000000083100000, 0x0000000083000000| Complete 
|  49|0x0000000083100000, 0x0000000083200000, 0x0000000083200000|100%|HC|  |TAMS 0x0000000083200000, 0x0000000083100000| Complete 
|  50|0x0000000083200000, 0x0000000083300000, 0x0000000083300000|100%| O|  |TAMS 0x0000000083300000, 0x0000000083200000| Untracked 
|  51|0x0000000083300000, 0x0000000083400000, 0x0000000083400000|100%| O|  |TAMS 0x0000000083400000, 0x0000000083300000| Untracked 
|  52|0x0000000083400000, 0x0000000083500000, 0x0000000083500000|100%| O|  |TAMS 0x0000000083500000, 0x0000000083400000| Untracked 
|  53|0x0000000083500000, 0x0000000083600000, 0x0000000083600000|100%| O|  |TAMS 0x0000000083600000, 0x0000000083500000| Untracked 
|  54|0x0000000083600000, 0x0000000083700000, 0x0000000083700000|100%| O|  |TAMS 0x0000000083700000, 0x0000000083600000| Untracked 
|  55|0x0000000083700000, 0x0000000083800000, 0x0000000083800000|100%|HS|  |TAMS 0x0000000083800000, 0x0000000083700000| Complete 
|  56|0x0000000083800000, 0x0000000083900000, 0x0000000083900000|100%|HC|  |TAMS 0x0000000083900000, 0x0000000083800000| Complete 
|  57|0x0000000083900000, 0x0000000083a00000, 0x0000000083a00000|100%|HC|  |TAMS 0x0000000083a00000, 0x0000000083900000| Complete 
|  58|0x0000000083a00000, 0x0000000083b00000, 0x0000000083b00000|100%|HC|  |TAMS 0x0000000083b00000, 0x0000000083a00000| Complete 
|  59|0x0000000083b00000, 0x0000000083c00000, 0x0000000083c00000|100%|HC|  |TAMS 0x0000000083c00000, 0x0000000083b00000| Complete 
|  60|0x0000000083c00000, 0x0000000083d00000, 0x0000000083d00000|100%|HS|  |TAMS 0x0000000083d00000, 0x0000000083c00000| Complete 
|  61|0x0000000083d00000, 0x0000000083e00000, 0x0000000083e00000|100%|HC|  |TAMS 0x0000000083e00000, 0x0000000083d00000| Complete 
|  62|0x0000000083e00000, 0x0000000083f00000, 0x0000000083f00000|100%|HC|  |TAMS 0x0000000083f00000, 0x0000000083e00000| Complete 
|  63|0x0000000083f00000, 0x0000000084000000, 0x0000000084000000|100%|HC|  |TAMS 0x0000000084000000, 0x0000000083f00000| Complete 
|  64|0x0000000084000000, 0x0000000084100000, 0x0000000084100000|100%|HC|  |TAMS 0x0000000084100000, 0x0000000084000000| Complete 
|  65|0x0000000084100000, 0x0000000084200000, 0x0000000084200000|100%| O|  |TAMS 0x0000000084200000, 0x0000000084100000| Untracked 
|  66|0x0000000084200000, 0x0000000084300000, 0x0000000084300000|100%| O|  |TAMS 0x0000000084300000, 0x0000000084200000| Untracked 
|  67|0x0000000084300000, 0x0000000084400000, 0x0000000084400000|100%| O|  |TAMS 0x0000000084400000, 0x0000000084300000| Untracked 
|  68|0x0000000084400000, 0x0000000084500000, 0x0000000084500000|100%| O|  |TAMS 0x00000000844d3000, 0x0000000084400000| Untracked 
|  69|0x0000000084500000, 0x0000000084600000, 0x0000000084600000|100%| O|  |TAMS 0x0000000084500000, 0x0000000084500000| Untracked 
|  70|0x0000000084600000, 0x0000000084700000, 0x0000000084700000|100%| O|  |TAMS 0x0000000084600000, 0x0000000084600000| Untracked 
|  71|0x0000000084700000, 0x0000000084717a00, 0x0000000084800000|  9%| O|  |TAMS 0x0000000084700000, 0x0000000084700000| Untracked 
|  72|0x0000000084800000, 0x0000000084800000, 0x0000000084900000|  0%| F|  |TAMS 0x0000000084800000, 0x0000000084800000| Untracked 
|  73|0x0000000084900000, 0x0000000084900000, 0x0000000084a00000|  0%| F|  |TAMS 0x0000000084900000, 0x0000000084900000| Untracked 
|  74|0x0000000084a00000, 0x0000000084a00000, 0x0000000084b00000|  0%| F|  |TAMS 0x0000000084a00000, 0x0000000084a00000| Untracked 
|  75|0x0000000084b00000, 0x0000000084b00000, 0x0000000084c00000|  0%| F|  |TAMS 0x0000000084b00000, 0x0000000084b00000| Untracked 
|  76|0x0000000084c00000, 0x0000000084c00000, 0x0000000084d00000|  0%| F|  |TAMS 0x0000000084c00000, 0x0000000084c00000| Untracked 
|  77|0x0000000084d00000, 0x0000000084d00000, 0x0000000084e00000|  0%| F|  |TAMS 0x0000000084d00000, 0x0000000084d00000| Untracked 
|  78|0x0000000084e00000, 0x0000000084e00000, 0x0000000084f00000|  0%| F|  |TAMS 0x0000000084e00000, 0x0000000084e00000| Untracked 
|  79|0x0000000084f00000, 0x0000000084f00000, 0x0000000085000000|  0%| F|  |TAMS 0x0000000084f00000, 0x0000000084f00000| Untracked 
|  80|0x0000000085000000, 0x0000000085000000, 0x0000000085100000|  0%| F|  |TAMS 0x0000000085000000, 0x0000000085000000| Untracked 
|  81|0x0000000085100000, 0x0000000085100000, 0x0000000085200000|  0%| F|  |TAMS 0x0000000085100000, 0x0000000085100000| Untracked 
|  82|0x0000000085200000, 0x0000000085200000, 0x0000000085300000|  0%| F|  |TAMS 0x0000000085200000, 0x0000000085200000| Untracked 
|  83|0x0000000085300000, 0x0000000085300000, 0x0000000085400000|  0%| F|  |TAMS 0x0000000085300000, 0x0000000085300000| Untracked 
|  84|0x0000000085400000, 0x0000000085400000, 0x0000000085500000|  0%| F|  |TAMS 0x0000000085400000, 0x0000000085400000| Untracked 
|  85|0x0000000085500000, 0x0000000085500000, 0x0000000085600000|  0%| F|  |TAMS 0x0000000085500000, 0x0000000085500000| Untracked 
|  86|0x0000000085600000, 0x0000000085600000, 0x0000000085700000|  0%| F|  |TAMS 0x0000000085600000, 0x0000000085600000| Untracked 
|  87|0x0000000085700000, 0x0000000085700000, 0x0000000085800000|  0%| F|  |TAMS 0x0000000085700000, 0x0000000085700000| Untracked 
|  88|0x0000000085800000, 0x0000000085800000, 0x0000000085900000|  0%| F|  |TAMS 0x0000000085800000, 0x0000000085800000| Untracked 
|  89|0x0000000085900000, 0x0000000085900000, 0x0000000085a00000|  0%| F|  |TAMS 0x0000000085900000, 0x0000000085900000| Untracked 
|  90|0x0000000085a00000, 0x0000000085a00000, 0x0000000085b00000|  0%| F|  |TAMS 0x0000000085a00000, 0x0000000085a00000| Untracked 
|  91|0x0000000085b00000, 0x0000000085b00000, 0x0000000085c00000|  0%| F|  |TAMS 0x0000000085b00000, 0x0000000085b00000| Untracked 
|  92|0x0000000085c00000, 0x0000000085c00000, 0x0000000085d00000|  0%| F|  |TAMS 0x0000000085c00000, 0x0000000085c00000| Untracked 
|  93|0x0000000085d00000, 0x0000000085d00000, 0x0000000085e00000|  0%| F|  |TAMS 0x0000000085d00000, 0x0000000085d00000| Untracked 
|  94|0x0000000085e00000, 0x0000000085e00000, 0x0000000085f00000|  0%| F|  |TAMS 0x0000000085e00000, 0x0000000085e00000| Untracked 
|  95|0x0000000085f00000, 0x0000000085f00000, 0x0000000086000000|  0%| F|  |TAMS 0x0000000085f00000, 0x0000000085f00000| Untracked 
|  96|0x0000000086000000, 0x0000000086000000, 0x0000000086100000|  0%| F|  |TAMS 0x0000000086000000, 0x0000000086000000| Untracked 
|  97|0x0000000086100000, 0x0000000086100000, 0x0000000086200000|  0%| F|  |TAMS 0x0000000086100000, 0x0000000086100000| Untracked 
|  98|0x0000000086200000, 0x0000000086200000, 0x0000000086300000|  0%| F|  |TAMS 0x0000000086200000, 0x0000000086200000| Untracked 
|  99|0x0000000086300000, 0x0000000086383940, 0x0000000086400000| 51%| S|CS|TAMS 0x0000000086300000, 0x0000000086300000| Complete 
| 100|0x0000000086400000, 0x0000000086500000, 0x0000000086500000|100%| S|CS|TAMS 0x0000000086400000, 0x0000000086400000| Complete 
| 101|0x0000000086500000, 0x0000000086600000, 0x0000000086600000|100%| S|CS|TAMS 0x0000000086500000, 0x0000000086500000| Complete 
| 102|0x0000000086600000, 0x0000000086700000, 0x0000000086700000|100%| S|CS|TAMS 0x0000000086600000, 0x0000000086600000| Complete 
| 103|0x0000000086700000, 0x0000000086700000, 0x0000000086800000|  0%| F|  |TAMS 0x0000000086700000, 0x0000000086700000| Untracked 
| 104|0x0000000086800000, 0x0000000086800000, 0x0000000086900000|  0%| F|  |TAMS 0x0000000086800000, 0x0000000086800000| Untracked 
| 105|0x0000000086900000, 0x0000000086900000, 0x0000000086a00000|  0%| F|  |TAMS 0x0000000086900000, 0x0000000086900000| Untracked 
| 106|0x0000000086a00000, 0x0000000086a00000, 0x0000000086b00000|  0%| F|  |TAMS 0x0000000086a00000, 0x0000000086a00000| Untracked 
| 107|0x0000000086b00000, 0x0000000086b00000, 0x0000000086c00000|  0%| F|  |TAMS 0x0000000086b00000, 0x0000000086b00000| Untracked 
| 108|0x0000000086c00000, 0x0000000086c00000, 0x0000000086d00000|  0%| F|  |TAMS 0x0000000086c00000, 0x0000000086c00000| Untracked 
| 109|0x0000000086d00000, 0x0000000086d00000, 0x0000000086e00000|  0%| F|  |TAMS 0x0000000086d00000, 0x0000000086d00000| Untracked 
| 110|0x0000000086e00000, 0x0000000086e00000, 0x0000000086f00000|  0%| F|  |TAMS 0x0000000086e00000, 0x0000000086e00000| Untracked 
| 111|0x0000000086f00000, 0x0000000086f00000, 0x0000000087000000|  0%| F|  |TAMS 0x0000000086f00000, 0x0000000086f00000| Untracked 
| 112|0x0000000087000000, 0x0000000087000000, 0x0000000087100000|  0%| F|  |TAMS 0x0000000087000000, 0x0000000087000000| Untracked 
| 113|0x0000000087100000, 0x0000000087100000, 0x0000000087200000|  0%| F|  |TAMS 0x0000000087100000, 0x0000000087100000| Untracked 
| 114|0x0000000087200000, 0x0000000087200000, 0x0000000087300000|  0%| F|  |TAMS 0x0000000087200000, 0x0000000087200000| Untracked 
| 115|0x0000000087300000, 0x0000000087300000, 0x0000000087400000|  0%| F|  |TAMS 0x0000000087300000, 0x0000000087300000| Untracked 
| 116|0x0000000087400000, 0x0000000087400000, 0x0000000087500000|  0%| F|  |TAMS 0x0000000087400000, 0x0000000087400000| Untracked 
| 117|0x0000000087500000, 0x0000000087500000, 0x0000000087600000|  0%| F|  |TAMS 0x0000000087500000, 0x0000000087500000| Untracked 
| 118|0x0000000087600000, 0x0000000087600000, 0x0000000087700000|  0%| F|  |TAMS 0x0000000087600000, 0x0000000087600000| Untracked 
| 119|0x0000000087700000, 0x0000000087700000, 0x0000000087800000|  0%| F|  |TAMS 0x0000000087700000, 0x0000000087700000| Untracked 
| 120|0x0000000087800000, 0x0000000087800000, 0x0000000087900000|  0%| F|  |TAMS 0x0000000087800000, 0x0000000087800000| Untracked 
| 121|0x0000000087900000, 0x0000000087900000, 0x0000000087a00000|  0%| F|  |TAMS 0x0000000087900000, 0x0000000087900000| Untracked 
| 122|0x0000000087a00000, 0x0000000087a00000, 0x0000000087b00000|  0%| F|  |TAMS 0x0000000087a00000, 0x0000000087a00000| Untracked 
| 123|0x0000000087b00000, 0x0000000087b00000, 0x0000000087c00000|  0%| F|  |TAMS 0x0000000087b00000, 0x0000000087b00000| Untracked 
| 124|0x0000000087c00000, 0x0000000087c00000, 0x0000000087d00000|  0%| F|  |TAMS 0x0000000087c00000, 0x0000000087c00000| Untracked 

Card table byte_map: [0x00000256354a0000,0x00000256358a0000] _byte_map_base: 0x00000256350a0000

Marking Bits (Prev, Next): (CMBitMap*) 0x00000256228f7790, (CMBitMap*) 0x00000256228f77d0
 Prev Bits: [0x0000025635ca0000, 0x0000025637ca0000)
 Next Bits: [0x0000025637ca0000, 0x0000025639ca0000)

Polling page: 0x0000025622050000

Metaspace:

Usage:
  Non-class:     52.56 MB used.
      Class:      8.36 MB used.
       Both:     60.92 MB used.

Virtual space:
  Non-class space:       64.00 MB reserved,      52.88 MB ( 83%) committed,  1 nodes.
      Class space:        1.00 GB reserved,       8.69 MB ( <1%) committed,  1 nodes.
             Both:        1.06 GB reserved,      61.56 MB (  6%) committed. 

Chunk freelists:
   Non-Class:  10.88 MB
       Class:  7.22 MB
        Both:  18.09 MB

MaxMetaspaceSize: unlimited
CompressedClassSpaceSize: 1.00 GB
Initial GC threshold: 21.00 MB
Current GC threshold: 97.81 MB
CDS: off
MetaspaceReclaimPolicy: balanced
 - commit_granule_bytes: 65536.
 - commit_granule_words: 8192.
 - virtual_space_node_default_size: 8388608.
 - enlarge_chunks_in_place: 1.
 - new_chunks_are_fully_committed: 0.
 - uncommit_free_chunks: 1.
 - use_allocation_guard: 0.
 - handle_deallocations: 1.


Internal statistics:

num_allocs_failed_limit: 3.
num_arena_births: 762.
num_arena_deaths: 0.
num_vsnodes_births: 2.
num_vsnodes_deaths: 0.
num_space_committed: 985.
num_space_uncommitted: 0.
num_chunks_returned_to_freelist: 3.
num_chunks_taken_from_freelist: 2959.
num_chunk_merges: 3.
num_chunk_splits: 1895.
num_chunks_enlarged: 1242.
num_inconsistent_stats: 0.

CodeHeap 'non-profiled nmethods': size=120000Kb used=2883Kb max_used=2883Kb free=117117Kb
 bounds [0x000002562d840000, 0x000002562db20000, 0x0000025634d70000]
CodeHeap 'profiled nmethods': size=120000Kb used=11717Kb max_used=11717Kb free=108282Kb
 bounds [0x0000025625d70000, 0x00000256268f0000, 0x000002562d2a0000]
CodeHeap 'non-nmethods': size=5760Kb used=2334Kb max_used=2367Kb free=3425Kb
 bounds [0x000002562d2a0000, 0x000002562d510000, 0x000002562d840000]
 total_blobs=6439 nmethods=5583 adapters=768
 compilation: enabled
              stopped_count=0, restarted_count=0
 full_count=0

Compilation events (20 events):
Event: 21.180 Thread 0x000002563c8ca340 nmethod 5662 0x00000256268dd690 code [0x00000256268dd8a0, 0x00000256268dde68]
Event: 21.180 Thread 0x000002563c8ca340 5663       2       java.security.Provider$ServiceKey::matches (22 bytes)
Event: 21.180 Thread 0x000002563c8ca340 nmethod 5663 0x00000256268de190 code [0x00000256268de320, 0x00000256268de458]
Event: 21.190 Thread 0x000002563c8ca340 5664       2       sun.security.ssl.CipherSuite::<init> (112 bytes)
Event: 21.192 Thread 0x000002563c8ca340 nmethod 5664 0x00000256268de510 code [0x00000256268de720, 0x00000256268def48]
Event: 21.192 Thread 0x000002563c8ca340 5665       2       java.lang.Integer::equals (29 bytes)
Event: 21.192 Thread 0x000002563c8ca340 nmethod 5665 0x00000256268df290 code [0x00000256268df420, 0x00000256268df5f8]
Event: 21.192 Thread 0x000002563c8ca340 5666       2       java.util.AbstractCollection::toArray (144 bytes)
Event: 21.193 Thread 0x000002563c8ca340 nmethod 5666 0x00000256268df710 code [0x00000256268df960, 0x00000256268e0098]
Event: 21.193 Thread 0x000002563c8ca340 5667       2       java.util.regex.ASCII::toLower (16 bytes)
Event: 21.194 Thread 0x000002563c8ca340 nmethod 5667 0x00000256268e0390 code [0x00000256268e0520, 0x00000256268e0638]
Event: 21.194 Thread 0x000002563c8ca340 5668       2       java.util.regex.ASCII::isUpper (18 bytes)
Event: 21.194 Thread 0x000002563c8ca340 nmethod 5668 0x00000256268e0710 code [0x00000256268e08a0, 0x00000256268e09b8]
Event: 21.197 Thread 0x000002563c8ca340 5669       1       java.nio.DirectByteBuffer::attachment (5 bytes)
Event: 21.197 Thread 0x000002563c8ca340 nmethod 5669 0x000002562db10910 code [0x000002562db10aa0, 0x000002562db10b78]
Event: 21.211 Thread 0x000002563c8ca340 5670       2       java.util.regex.Pattern$SliceI::match (96 bytes)
Event: 21.212 Thread 0x000002563c8ca340 nmethod 5670 0x00000256268e0a90 code [0x00000256268e0c60, 0x00000256268e0f58]
Event: 21.212 Thread 0x000002563c8ca340 5671       2       java.util.TreeMap::getEntryUsingComparator (74 bytes)
Event: 21.212 Thread 0x000002563c8ca340 nmethod 5671 0x00000256268e1110 code [0x00000256268e12c0, 0x00000256268e14e8]
Event: 21.212 Thread 0x000002563c8ca340 5673       2       java.util.regex.Matcher::search (154 bytes)

GC Heap History (20 events):
Event: 13.594 GC heap after
{Heap after GC invocations=19 (full 0):
 garbage-first heap   total 91136K, used 47349K [0x0000000080000000, 0x0000000100000000)
  region size 1024K, 3 young (3072K), 3 survivors (3072K)
 Metaspace       used 45058K, committed 45440K, reserved 1114112K
  class space    used 6065K, committed 6272K, reserved 1048576K
}
Event: 15.528 GC heap before
{Heap before GC invocations=20 (full 0):
 garbage-first heap   total 92160K, used 74997K [0x0000000080000000, 0x0000000100000000)
  region size 1024K, 26 young (26624K), 3 survivors (3072K)
 Metaspace       used 48648K, committed 49152K, reserved 1114112K
  class space    used 6502K, committed 6720K, reserved 1048576K
}
Event: 15.536 GC heap after
{Heap after GC invocations=21 (full 0):
 garbage-first heap   total 92160K, used 49012K [0x0000000080000000, 0x0000000100000000)
  region size 1024K, 3 young (3072K), 3 survivors (3072K)
 Metaspace       used 48648K, committed 49152K, reserved 1114112K
  class space    used 6502K, committed 6720K, reserved 1048576K
}
Event: 16.679 GC heap before
{Heap before GC invocations=21 (full 0):
 garbage-first heap   total 92160K, used 71540K [0x0000000080000000, 0x0000000100000000)
  region size 1024K, 26 young (26624K), 3 survivors (3072K)
 Metaspace       used 50791K, committed 51200K, reserved 1114112K
  class space    used 6852K, committed 7040K, reserved 1048576K
}
Event: 16.687 GC heap after
{Heap after GC invocations=22 (full 0):
 garbage-first heap   total 92160K, used 52096K [0x0000000080000000, 0x0000000100000000)
  region size 1024K, 4 young (4096K), 4 survivors (4096K)
 Metaspace       used 50791K, committed 51200K, reserved 1114112K
  class space    used 6852K, committed 7040K, reserved 1048576K
}
Event: 16.841 GC heap before
{Heap before GC invocations=23 (full 0):
 garbage-first heap   total 97280K, used 55168K [0x0000000080000000, 0x0000000100000000)
  region size 1024K, 5 young (5120K), 4 survivors (4096K)
 Metaspace       used 50799K, committed 51200K, reserved 1114112K
  class space    used 6852K, committed 7040K, reserved 1048576K
}
Event: 16.846 GC heap after
{Heap after GC invocations=24 (full 0):
 garbage-first heap   total 97280K, used 55772K [0x0000000080000000, 0x0000000100000000)
  region size 1024K, 1 young (1024K), 1 survivors (1024K)
 Metaspace       used 50799K, committed 51200K, reserved 1114112K
  class space    used 6852K, committed 7040K, reserved 1048576K
}
Event: 17.529 GC heap before
{Heap before GC invocations=25 (full 0):
 garbage-first heap   total 106496K, used 67036K [0x0000000080000000, 0x0000000100000000)
  region size 1024K, 8 young (8192K), 1 survivors (1024K)
 Metaspace       used 51055K, committed 51520K, reserved 1114112K
  class space    used 6900K, committed 7104K, reserved 1048576K
}
Event: 17.534 GC heap after
{Heap after GC invocations=26 (full 0):
 garbage-first heap   total 106496K, used 62543K [0x0000000080000000, 0x0000000100000000)
  region size 1024K, 3 young (3072K), 3 survivors (3072K)
 Metaspace       used 51055K, committed 51520K, reserved 1114112K
  class space    used 6900K, committed 7104K, reserved 1048576K
}
Event: 17.883 GC heap before
{Heap before GC invocations=27 (full 0):
 garbage-first heap   total 117760K, used 71759K [0x0000000080000000, 0x0000000100000000)
  region size 1024K, 9 young (9216K), 3 survivors (3072K)
 Metaspace       used 51412K, committed 51904K, reserved 1114112K
  class space    used 6924K, committed 7104K, reserved 1048576K
}
Event: 17.887 GC heap after
{Heap after GC invocations=28 (full 0):
 garbage-first heap   total 117760K, used 69114K [0x0000000080000000, 0x0000000100000000)
  region size 1024K, 2 young (2048K), 2 survivors (2048K)
 Metaspace       used 51412K, committed 51904K, reserved 1114112K
  class space    used 6924K, committed 7104K, reserved 1048576K
}
Event: 18.604 GC heap before
{Heap before GC invocations=29 (full 0):
 garbage-first heap   total 122880K, used 86522K [0x0000000080000000, 0x0000000100000000)
  region size 1024K, 18 young (18432K), 2 survivors (2048K)
 Metaspace       used 53643K, committed 54208K, reserved 1114112K
  class space    used 7158K, committed 7424K, reserved 1048576K
}
Event: 18.607 GC heap after
{Heap after GC invocations=30 (full 0):
 garbage-first heap   total 122880K, used 69402K [0x0000000080000000, 0x0000000100000000)
  region size 1024K, 2 young (2048K), 2 survivors (2048K)
 Metaspace       used 53643K, committed 54208K, reserved 1114112K
  class space    used 7158K, committed 7424K, reserved 1048576K
}
Event: 19.015 GC heap before
{Heap before GC invocations=30 (full 0):
 garbage-first heap   total 122880K, used 89882K [0x0000000080000000, 0x0000000100000000)
  region size 1024K, 22 young (22528K), 2 survivors (2048K)
 Metaspace       used 54459K, committed 55104K, reserved 1114112K
  class space    used 7306K, committed 7616K, reserved 1048576K
}
Event: 19.021 GC heap after
{Heap after GC invocations=31 (full 0):
 garbage-first heap   total 122880K, used 70670K [0x0000000080000000, 0x0000000100000000)
  region size 1024K, 3 young (3072K), 3 survivors (3072K)
 Metaspace       used 54459K, committed 55104K, reserved 1114112K
  class space    used 7306K, committed 7616K, reserved 1048576K
}
Event: 19.770 GC heap before
{Heap before GC invocations=32 (full 0):
 garbage-first heap   total 122880K, used 92174K [0x0000000080000000, 0x0000000100000000)
  region size 1024K, 24 young (24576K), 3 survivors (3072K)
 Metaspace       used 57256K, committed 57920K, reserved 1114112K
  class space    used 7742K, committed 8064K, reserved 1048576K
}
Event: 19.775 GC heap after
{Heap after GC invocations=33 (full 0):
 garbage-first heap   total 122880K, used 71991K [0x0000000080000000, 0x0000000100000000)
  region size 1024K, 3 young (3072K), 3 survivors (3072K)
 Metaspace       used 57256K, committed 57920K, reserved 1114112K
  class space    used 7742K, committed 8064K, reserved 1048576K
}
Event: 20.438 GC heap before
{Heap before GC invocations=33 (full 0):
 garbage-first heap   total 122880K, used 94519K [0x0000000080000000, 0x0000000100000000)
  region size 1024K, 25 young (25600K), 3 survivors (3072K)
 Metaspace       used 59324K, committed 59904K, reserved 1114112K
  class space    used 8120K, committed 8384K, reserved 1048576K
}
Event: 20.444 GC heap after
{Heap after GC invocations=34 (full 0):
 garbage-first heap   total 122880K, used 73711K [0x0000000080000000, 0x0000000100000000)
  region size 1024K, 3 young (3072K), 3 survivors (3072K)
 Metaspace       used 59324K, committed 59904K, reserved 1114112K
  class space    used 8120K, committed 8384K, reserved 1048576K
}
Event: 21.213 GC heap before
{Heap before GC invocations=35 (full 0):
 garbage-first heap   total 128000K, used 96239K [0x0000000080000000, 0x0000000100000000)
  region size 1024K, 25 young (25600K), 3 survivors (3072K)
 Metaspace       used 62381K, committed 63040K, reserved 1114112K
  class space    used 8560K, committed 8896K, reserved 1048576K
}

Dll operation events (3 events):
Event: 0.042 Loaded shared library C:\Program Files\Android\Android Studio\jbr\bin\java.dll
Event: 0.329 Loaded shared library C:\Program Files\Android\Android Studio\jbr\bin\zip.dll
Event: 1.150 Loaded shared library C:\Program Files\Android\Android Studio\jbr\bin\verify.dll

Deoptimization events (20 events):
Event: 21.123 Thread 0x000002564130eb00 DEOPT PACKING pc=0x000002562da62484 sp=0x000000abac1f3c00
Event: 21.124 Thread 0x000002564130eb00 DEOPT UNPACKING pc=0x000002562d2f69a3 sp=0x000000abac1f3ae0 mode 2
Event: 21.124 Thread 0x000002564130eb00 Uncommon trap: trap_request=0xffffffc6 fr.pc=0x000002562da49118 relative=0x0000000000000738
Event: 21.124 Thread 0x000002564130eb00 Uncommon trap: reason=bimorphic_or_optimized_type_check action=maybe_recompile pc=0x000002562da49118 method=java.util.regex.Pattern$Start.match(Ljava/util/regex/Matcher;ILjava/lang/CharSequence;)Z @ 44 c2
Event: 21.124 Thread 0x000002564130eb00 DEOPT PACKING pc=0x000002562da49118 sp=0x000000abac1f3b70
Event: 21.124 Thread 0x000002564130eb00 DEOPT UNPACKING pc=0x000002562d2f69a3 sp=0x000000abac1f3ad0 mode 2
Event: 21.124 Thread 0x000002564130eb00 Uncommon trap: trap_request=0xffffffc6 fr.pc=0x000002562da4a0cc relative=0x000000000000056c
Event: 21.124 Thread 0x000002564130eb00 Uncommon trap: reason=bimorphic_or_optimized_type_check action=maybe_recompile pc=0x000002562da4a0cc method=java.util.regex.Pattern$Start.match(Ljava/util/regex/Matcher;ILjava/lang/CharSequence;)Z @ 44 c2
Event: 21.124 Thread 0x000002564130eb00 DEOPT PACKING pc=0x000002562da4a0cc sp=0x000000abac1f3af0
Event: 21.124 Thread 0x000002564130eb00 DEOPT UNPACKING pc=0x000002562d2f69a3 sp=0x000000abac1f3ad0 mode 2
Event: 21.140 Thread 0x000002564130eb00 Uncommon trap: trap_request=0xffffff45 fr.pc=0x000002562d9b5480 relative=0x00000000000004c0
Event: 21.140 Thread 0x000002564130eb00 Uncommon trap: reason=unstable_if action=reinterpret pc=0x000002562d9b5480 method=java.lang.StringLatin1.regionMatchesCI([BI[BII)Z @ 72 c2
Event: 21.140 Thread 0x000002564130eb00 DEOPT PACKING pc=0x000002562d9b5480 sp=0x000000abac1f2420
Event: 21.140 Thread 0x000002564130eb00 DEOPT UNPACKING pc=0x000002562d2f69a3 sp=0x000000abac1f2290 mode 2
Event: 21.140 Thread 0x000002564130eb00 Uncommon trap: trap_request=0xffffff45 fr.pc=0x000002562d9130d4 relative=0x0000000000000494
Event: 21.140 Thread 0x000002564130eb00 Uncommon trap: reason=unstable_if action=reinterpret pc=0x000002562d9130d4 method=java.lang.StringLatin1.regionMatchesCI([BI[BII)Z @ 72 c2
Event: 21.141 Thread 0x000002564130eb00 DEOPT PACKING pc=0x000002562d9130d4 sp=0x000000abac1f2280
Event: 21.141 Thread 0x000002564130eb00 DEOPT UNPACKING pc=0x000002562d2f69a3 sp=0x000000abac1f21e8 mode 2
Event: 21.147 Thread 0x000002564130eb00 DEOPT PACKING pc=0x0000025625e6f1e4 sp=0x000000abac1f25c0
Event: 21.147 Thread 0x000002564130eb00 DEOPT UNPACKING pc=0x000002562d2f7143 sp=0x000000abac1f1a88 mode 0

Classes unloaded (0 events):
No events

Classes redefined (0 events):
No events

Internal exceptions (20 events):
Event: 20.552 Thread 0x000002564130eb00 Exception <a 'java/lang/NoSuchMethodError'{0x0000000087cc1c10}: 'java.lang.Object java.lang.invoke.DirectMethodHandle$Holder.invokeSpecial(java.lang.Object, java.lang.Object, java.lang.Object, java.lang.Object, java.lang.Object, java.lang.Object, java.lang.Object, java.lang.Object, java.lang.Object, java.lang.Object, java.lang.Object, java.lang.Object, java.lang.Object, java.lang.Object, java.lang.Object, java.lang.Object, java.lang.Object, java.lang.Object, java.lang.Object, java.lang.Object, java.lang.Ob
Event: 20.552 Thread 0x000002564130eb00 Exception <a 'java/lang/NoSuchMethodError'{0x0000000087cc8120}: 'java.lang.Object java.lang.invoke.DelegatingMethodHandle$Holder.reinvoke_L(java.lang.Object, java.lang.Object, java.lang.Object, java.lang.Object, java.lang.Object, java.lang.Object, java.lang.Object, java.lang.Object, java.lang.Object, java.lang.Object, java.lang.Object, java.lang.Object, java.lang.Object, java.lang.Object, java.lang.Object, java.lang.Object, java.lang.Object, java.lang.Object, java.lang.Object, java.lang.Object, java.lang.O
Event: 20.554 Thread 0x000002564130eb00 Exception <a 'java/lang/NoSuchMethodError'{0x0000000087cd3b68}: 'java.lang.Object java.lang.invoke.Invokers$Holder.invoker(java.lang.Object, java.lang.Object, java.lang.Object, java.lang.Object, java.lang.Object, java.lang.Object, java.lang.Object, java.lang.Object, java.lang.Object, java.lang.Object, java.lang.Object, java.lang.Object, java.lang.Object, java.lang.Object, java.lang.Object, java.lang.Object, java.lang.Object, java.lang.Object, java.lang.Object, java.lang.Object, java.lang.Object, java.lang.
Event: 20.554 Thread 0x000002564130eb00 Exception <a 'java/lang/NoSuchMethodError'{0x0000000087cf7b88}: 'java.lang.Object java.lang.invoke.DelegatingMethodHandle$Holder.delegate(java.lang.Object, java.lang.Object, java.lang.Object, java.lang.Object, java.lang.Object, java.lang.Object, java.lang.Object, java.lang.Object, java.lang.Object, java.lang.Object, java.lang.Object, java.lang.Object, java.lang.Object, java.lang.Object, java.lang.Object, java.lang.Object, java.lang.Object, java.lang.Object, java.lang.Object, java.lang.Object, java.lang.Obj
Event: 20.571 Thread 0x000002564130eb00 Exception <a 'java/lang/NoSuchMethodError'{0x0000000087bc3e90}: 'java.lang.Object java.lang.invoke.DirectMethodHandle$Holder.invokeStatic(java.lang.Object, java.lang.Object, java.lang.Object, java.lang.Object, java.lang.Object, java.lang.Object, java.lang.Object, java.lang.Object, java.lang.Object, java.lang.Object, java.lang.Object, java.lang.Object, java.lang.Object, java.lang.Object, java.lang.Object, java.lang.Object, java.lang.Object, java.lang.Object, java.lang.Object, java.lang.Object, java.lang.Obj
Event: 20.738 Thread 0x000002564130eb00 Exception <a 'java/lang/NoSuchMethodError'{0x00000000874d6958}: static Lorg/gradle/api/internal/catalog/DefaultVersionCatalog;.<clinit>()V> (0x00000000874d6958) 
thrown [s\src\hotspot\share\prims\jni.cpp, line 1127]
Event: 20.745 Thread 0x000002564130eb00 Exception <a 'java/lang/NoSuchMethodError'{0x0000000087329908}: static [Ljava/lang/Object;.<clinit>()V> (0x0000000087329908) 
thrown [s\src\hotspot\share\prims\jni.cpp, line 1127]
Event: 20.748 Thread 0x000002564130eb00 Exception <a 'java/lang/NoSuchMethodError'{0x000000008735f228}: static Lorg/gradle/api/internal/catalog/DependencyModel;.<clinit>()V> (0x000000008735f228) 
thrown [s\src\hotspot\share\prims\jni.cpp, line 1127]
Event: 20.748 Thread 0x000002564130eb00 Exception <a 'java/lang/NoSuchMethodError'{0x0000000087362c30}: static Lorg/gradle/api/internal/catalog/AbstractContextAwareModel;.<clinit>()V> (0x0000000087362c30) 
thrown [s\src\hotspot\share\prims\jni.cpp, line 1127]
Event: 20.750 Thread 0x000002564130eb00 Exception <a 'java/lang/NoSuchMethodError'{0x000000008737d340}: static Lorg/gradle/api/internal/artifacts/dependencies/AbstractVersionConstraint;.<clinit>()V> (0x000000008737d340) 
thrown [s\src\hotspot\share\prims\jni.cpp, line 1127]
Event: 20.758 Thread 0x000002564130eb00 Exception <a 'java/lang/NoSuchMethodError'{0x00000000873ddc78}: static Lorg/gradle/api/internal/catalog/PluginModel;.<clinit>()V> (0x00000000873ddc78) 
thrown [s\src\hotspot\share\prims\jni.cpp, line 1127]
Event: 20.760 Thread 0x000002564130eb00 Exception <a 'java/lang/NoSuchMethodError'{0x00000000873f4ac8}: static Lorg/gradle/api/internal/catalog/VersionModel;.<clinit>()V> (0x00000000873f4ac8) 
thrown [s\src\hotspot\share\prims\jni.cpp, line 1127]
Event: 20.872 Thread 0x000002564130eb00 Exception <a 'java/lang/NoSuchMethodError'{0x0000000086f91150}: 'int java.lang.invoke.DirectMethodHandle$Holder.invokeSpecialIFC(java.lang.Object, java.lang.Object, java.lang.Object)'> (0x0000000086f91150) 
thrown [s\src\hotspot\share\interpreter\linkResolver.cpp, line 771]
Event: 20.974 Thread 0x000002564130eb00 Exception <a 'java/lang/NoSuchMethodError'{0x0000000086b49180}: 'java.lang.Object java.lang.invoke.DirectMethodHandle$Holder.newInvokeSpecial(java.lang.Object, java.lang.Object, java.lang.Object, java.lang.Object, java.lang.Object, int)'> (0x0000000086b49180) 
thrown [s\src\hotspot\share\interpreter\linkResolver.cpp, line 771]
Event: 20.975 Thread 0x000002564130eb00 Exception <a 'java/lang/NoSuchMethodError'{0x0000000086b4e880}: 'java.lang.Object java.lang.invoke.DirectMethodHandle$Holder.invokeSpecial(java.lang.Object, java.lang.Object, java.lang.Object, java.lang.Object, java.lang.Object, java.lang.Object, int)'> (0x0000000086b4e880) 
thrown [s\src\hotspot\share\interpreter\linkResolver.cpp, line 771]
Event: 20.975 Thread 0x000002564130eb00 Exception <a 'java/lang/NoSuchMethodError'{0x0000000086b53908}: 'java.lang.Object java.lang.invoke.Invokers$Holder.linkToTargetMethod(java.lang.Object, java.lang.Object, java.lang.Object, java.lang.Object, int, java.lang.Object)'> (0x0000000086b53908) 
thrown [s\src\hotspot\share\interpreter\linkResolver.cpp, line 771]
Event: 20.983 Thread 0x000002564130eb00 Exception <a 'java/lang/NoSuchMethodError'{0x0000000086b86658}: 'java.lang.Object java.lang.invoke.DirectMethodHandle$Holder.invokeSpecial(java.lang.Object, java.lang.Object, java.lang.Object, java.lang.Object, java.lang.Object, long)'> (0x0000000086b86658) 
thrown [s\src\hotspot\share\interpreter\linkResolver.cpp, line 771]
Event: 20.986 Thread 0x000002564130eb00 Exception <a 'java/lang/NoSuchMethodError'{0x0000000086ba9c68}: 'void java.lang.invoke.DirectMethodHandle$Holder.invokeStatic(java.lang.Object, java.lang.Object, java.lang.Object, int, java.lang.Object)'> (0x0000000086ba9c68) 
thrown [s\src\hotspot\share\interpreter\linkResolver.cpp, line 771]
Event: 21.030 Thread 0x000002564130eb00 Implicit null exception at 0x000002562d880055 to 0x000002562d880604
Event: 21.133 Thread 0x000002564130eb00 Exception <a 'sun/nio/fs/WindowsException'{0x00000000867195e0}> (0x00000000867195e0) 
thrown [s\src\hotspot\share\prims\jni.cpp, line 531]

VM Operations (20 events):
Event: 19.775 Executing VM operation: G1CollectForAllocation done
Event: 19.798 Executing VM operation: HandshakeAllThreads
Event: 19.798 Executing VM operation: HandshakeAllThreads done
Event: 19.973 Executing VM operation: HandshakeAllThreads
Event: 19.973 Executing VM operation: HandshakeAllThreads done
Event: 20.438 Executing VM operation: G1CollectForAllocation
Event: 20.445 Executing VM operation: G1CollectForAllocation done
Event: 20.498 Executing VM operation: G1PauseRemark
Event: 20.502 Executing VM operation: G1PauseRemark done
Event: 20.526 Executing VM operation: G1PauseCleanup
Event: 20.526 Executing VM operation: G1PauseCleanup done
Event: 20.880 Executing VM operation: HandshakeAllThreads
Event: 20.880 Executing VM operation: HandshakeAllThreads done
Event: 21.136 Executing VM operation: HandshakeAllThreads
Event: 21.136 Executing VM operation: HandshakeAllThreads done
Event: 21.146 Executing VM operation: HandshakeAllThreads
Event: 21.146 Executing VM operation: HandshakeAllThreads done
Event: 21.149 Executing VM operation: HandshakeAllThreads
Event: 21.149 Executing VM operation: HandshakeAllThreads done
Event: 21.213 Executing VM operation: G1CollectForAllocation

Events (20 events):
Event: 21.205 loading class java/security/KeyPairGeneratorSpi done
Event: 21.205 loading class java/security/KeyPairGenerator done
Event: 21.207 loading class java/security/spec/InvalidParameterSpecException
Event: 21.208 loading class java/security/spec/InvalidParameterSpecException done
Event: 21.208 loading class sun/security/util/ECUtil
Event: 21.208 loading class sun/security/util/ECUtil done
Event: 21.208 loading class java/security/AlgorithmParameters
Event: 21.209 loading class java/security/AlgorithmParameters done
Event: 21.209 loading class java/security/AlgorithmParametersSpi
Event: 21.209 loading class java/security/AlgorithmParametersSpi done
Event: 21.209 loading class sun/security/util/ECParameters
Event: 21.210 loading class sun/security/util/ECParameters done
Event: 21.210 loading class sun/security/util/ECKeySizeParameterSpec
Event: 21.210 loading class sun/security/util/ECKeySizeParameterSpec done
Event: 21.210 loading class java/security/spec/ECGenParameterSpec
Event: 21.210 loading class java/security/spec/NamedParameterSpec
Event: 21.210 loading class java/security/spec/NamedParameterSpec done
Event: 21.210 loading class java/security/spec/ECGenParameterSpec done
Event: 21.210 loading class java/security/KeyPairGenerator$Delegate
Event: 21.211 loading class java/security/KeyPairGenerator$Delegate done


Dynamic libraries:
0x00007ff7c8930000 - 0x00007ff7c893a000 	C:\Program Files\Android\Android Studio\jbr\bin\java.exe
0x00007ff8f5770000 - 0x00007ff8f5987000 	C:\WINDOWS\SYSTEM32\ntdll.dll
0x00007ff8f3730000 - 0x00007ff8f37f4000 	C:\WINDOWS\System32\KERNEL32.DLL
0x00007ff8f2da0000 - 0x00007ff8f314d000 	C:\WINDOWS\System32\KERNELBASE.dll
0x00007ff8f2ac0000 - 0x00007ff8f2bd1000 	C:\WINDOWS\System32\ucrtbase.dll
0x00007ff8c1d20000 - 0x00007ff8c1d37000 	C:\Program Files\Android\Android Studio\jbr\bin\jli.dll
0x00007ff8dc800000 - 0x00007ff8dc81b000 	C:\Program Files\Android\Android Studio\jbr\bin\VCRUNTIME140.dll
0x00007ff8f54f0000 - 0x00007ff8f569e000 	C:\WINDOWS\System32\USER32.dll
0x00007ff8f2be0000 - 0x00007ff8f2c06000 	C:\WINDOWS\System32\win32u.dll
0x00007ff8e74f0000 - 0x00007ff8e7783000 	C:\WINDOWS\WinSxS\amd64_microsoft.windows.common-controls_6595b64144ccf1df_6.0.22621.3672_none_2713b9d173822955\COMCTL32.dll
0x00007ff8f34a0000 - 0x00007ff8f34c9000 	C:\WINDOWS\System32\GDI32.dll
0x00007ff8f3150000 - 0x00007ff8f3269000 	C:\WINDOWS\System32\gdi32full.dll
0x00007ff8f2c10000 - 0x00007ff8f2caa000 	C:\WINDOWS\System32\msvcp_win.dll
0x00007ff8f4900000 - 0x00007ff8f49a7000 	C:\WINDOWS\System32\msvcrt.dll
0x00007ff8f49b0000 - 0x00007ff8f49e1000 	C:\WINDOWS\System32\IMM32.DLL
0x00007ff8eda80000 - 0x00007ff8eda8c000 	C:\Program Files\Android\Android Studio\jbr\bin\vcruntime140_1.dll
0x00007ff8d3260000 - 0x00007ff8d32ed000 	C:\Program Files\Android\Android Studio\jbr\bin\msvcp140.dll
0x00007ff845760000 - 0x00007ff8463e3000 	C:\Program Files\Android\Android Studio\jbr\bin\server\jvm.dll
0x00007ff8f4290000 - 0x00007ff8f4342000 	C:\WINDOWS\System32\ADVAPI32.dll
0x00007ff8f3d40000 - 0x00007ff8f3de9000 	C:\WINDOWS\System32\sechost.dll
0x00007ff8f2a90000 - 0x00007ff8f2ab8000 	C:\WINDOWS\System32\bcrypt.dll
0x00007ff8f47e0000 - 0x00007ff8f48f4000 	C:\WINDOWS\System32\RPCRT4.dll
0x00007ff8eb3c0000 - 0x00007ff8eb3f4000 	C:\WINDOWS\SYSTEM32\WINMM.dll
0x00007ff8f26f0000 - 0x00007ff8f273d000 	C:\WINDOWS\SYSTEM32\POWRPROF.dll
0x00007ff8d6110000 - 0x00007ff8d6119000 	C:\WINDOWS\SYSTEM32\WSOCK32.dll
0x00007ff8e7240000 - 0x00007ff8e724a000 	C:\WINDOWS\SYSTEM32\VERSION.dll
0x00007ff8f34d0000 - 0x00007ff8f3541000 	C:\WINDOWS\System32\WS2_32.dll
0x00007ff8f26d0000 - 0x00007ff8f26e3000 	C:\WINDOWS\SYSTEM32\UMPDC.dll
0x00007ff8f1ac0000 - 0x00007ff8f1ad8000 	C:\WINDOWS\SYSTEM32\kernel.appcore.dll
0x00007ff8e9670000 - 0x00007ff8e967a000 	C:\Program Files\Android\Android Studio\jbr\bin\jimage.dll
0x00007ff8e8af0000 - 0x00007ff8e8d22000 	C:\WINDOWS\SYSTEM32\DBGHELP.DLL
0x00007ff8f3880000 - 0x00007ff8f3c0d000 	C:\WINDOWS\System32\combase.dll
0x00007ff8f5410000 - 0x00007ff8f54e7000 	C:\WINDOWS\System32\OLEAUT32.dll
0x00007ff8daeb0000 - 0x00007ff8daee2000 	C:\WINDOWS\SYSTEM32\dbgcore.DLL
0x00007ff8f2cb0000 - 0x00007ff8f2d2b000 	C:\WINDOWS\System32\bcryptPrimitives.dll
0x00007ff8c9290000 - 0x00007ff8c929e000 	C:\Program Files\Android\Android Studio\jbr\bin\instrument.dll
0x00007ff8d9660000 - 0x00007ff8d9685000 	C:\Program Files\Android\Android Studio\jbr\bin\java.dll
0x00007ff8c93d0000 - 0x00007ff8c93e8000 	C:\Program Files\Android\Android Studio\jbr\bin\zip.dll
0x00007ff8f4ba0000 - 0x00007ff8f5408000 	C:\WINDOWS\System32\SHELL32.dll
0x00007ff8f09a0000 - 0x00007ff8f129e000 	C:\WINDOWS\SYSTEM32\windows.storage.dll
0x00007ff8f0860000 - 0x00007ff8f099f000 	C:\WINDOWS\SYSTEM32\wintypes.dll
0x00007ff8f4460000 - 0x00007ff8f4559000 	C:\WINDOWS\System32\SHCORE.dll
0x00007ff8f4770000 - 0x00007ff8f47ce000 	C:\WINDOWS\System32\shlwapi.dll
0x00007ff8f29c0000 - 0x00007ff8f29e1000 	C:\WINDOWS\SYSTEM32\profapi.dll
0x00007ff8c93b0000 - 0x00007ff8c93c9000 	C:\Program Files\Android\Android Studio\jbr\bin\net.dll
0x00007ff8ee520000 - 0x00007ff8ee656000 	C:\WINDOWS\SYSTEM32\WINHTTP.dll
0x00007ff8f1f30000 - 0x00007ff8f1f99000 	C:\WINDOWS\system32\mswsock.dll
0x00007ff8c1d40000 - 0x00007ff8c1d56000 	C:\Program Files\Android\Android Studio\jbr\bin\nio.dll
0x00007ff8c93a0000 - 0x00007ff8c93b0000 	C:\Program Files\Android\Android Studio\jbr\bin\verify.dll
0x00007ff8eaf30000 - 0x00007ff8eaf57000 	C:\Users\23480\.gradle\native\c067742578af261105cb4f569cf0c3c89f3d7b1fecec35dd04571415982c5e48\windows-amd64\native-platform.dll
0x00007ff89c740000 - 0x00007ff89c884000 	C:\Users\23480\.gradle\native\38dada09dfb8b06ba9b0570ebf7e218e3eb74d4ef43ca46872605cf95ebc2f47\windows-amd64\native-platform-file-events.dll
0x00007ff8e6dd0000 - 0x00007ff8e6dd9000 	C:\Program Files\Android\Android Studio\jbr\bin\management.dll
0x00007ff8dad00000 - 0x00007ff8dad0b000 	C:\Program Files\Android\Android Studio\jbr\bin\management_ext.dll
0x00007ff8f3720000 - 0x00007ff8f3728000 	C:\WINDOWS\System32\PSAPI.DLL
0x00007ff8f2190000 - 0x00007ff8f21ab000 	C:\WINDOWS\SYSTEM32\CRYPTSP.dll
0x00007ff8f1a20000 - 0x00007ff8f1a55000 	C:\WINDOWS\system32\rsaenh.dll
0x00007ff8f2030000 - 0x00007ff8f2058000 	C:\WINDOWS\SYSTEM32\USERENV.dll
0x00007ff8f21b0000 - 0x00007ff8f21bc000 	C:\WINDOWS\SYSTEM32\CRYPTBASE.dll
0x00007ff8f1500000 - 0x00007ff8f152d000 	C:\WINDOWS\SYSTEM32\IPHLPAPI.DLL
0x00007ff8f4350000 - 0x00007ff8f4359000 	C:\WINDOWS\System32\NSI.dll
0x00007ff8ee750000 - 0x00007ff8ee769000 	C:\WINDOWS\SYSTEM32\dhcpcsvc6.DLL
0x00007ff8ee500000 - 0x00007ff8ee51f000 	C:\WINDOWS\SYSTEM32\dhcpcsvc.DLL
0x00007ff8f1530000 - 0x00007ff8f1628000 	C:\WINDOWS\SYSTEM32\DNSAPI.dll
0x00007ff8e9660000 - 0x00007ff8e9669000 	C:\Program Files\Android\Android Studio\jbr\bin\extnet.dll
0x00007ff8c3160000 - 0x00007ff8c3168000 	C:\WINDOWS\system32\wshunix.dll

dbghelp: loaded successfully - version: 4.0.5 - missing functions: none
symbol engine: initialized successfully - sym options: 0x614 - pdb path: .;C:\Program Files\Android\Android Studio\jbr\bin;C:\WINDOWS\SYSTEM32;C:\WINDOWS\WinSxS\amd64_microsoft.windows.common-controls_6595b64144ccf1df_6.0.22621.3672_none_2713b9d173822955;C:\Program Files\Android\Android Studio\jbr\bin\server;C:\Users\23480\.gradle\native\c067742578af261105cb4f569cf0c3c89f3d7b1fecec35dd04571415982c5e48\windows-amd64;C:\Users\23480\.gradle\native\38dada09dfb8b06ba9b0570ebf7e218e3eb74d4ef43ca46872605cf95ebc2f47\windows-amd64

VM Arguments:
jvm_args: --add-opens=java.base/java.util=ALL-UNNAMED --add-opens=java.base/java.lang=ALL-UNNAMED --add-opens=java.base/java.lang.invoke=ALL-UNNAMED --add-opens=java.prefs/java.util.prefs=ALL-UNNAMED --add-opens=java.base/java.nio.charset=ALL-UNNAMED --add-opens=java.base/java.net=ALL-UNNAMED --add-opens=java.base/java.util.concurrent.atomic=ALL-UNNAMED -Xmx2048m -Dfile.encoding=UTF-8 -Duser.country=US -Duser.language=en -Duser.variant -javaagent:C:\Users\23480\.gradle\wrapper\dists\gradle-8.7-bin\bhs2wmbdwecv87pi65oeuq5iu\gradle-8.7\lib\agents\gradle-instrumentation-agent-8.7.jar 
java_command: org.gradle.launcher.daemon.bootstrap.GradleDaemon 8.7
java_class_path (initial): C:\Users\23480\.gradle\wrapper\dists\gradle-8.7-bin\bhs2wmbdwecv87pi65oeuq5iu\gradle-8.7\lib\gradle-launcher-8.7.jar
Launcher Type: SUN_STANDARD

[Global flags]
     intx CICompilerCount                          = 4                                         {product} {ergonomic}
     uint ConcGCThreads                            = 2                                         {product} {ergonomic}
     uint G1ConcRefinementThreads                  = 8                                         {product} {ergonomic}
   size_t G1HeapRegionSize                         = 1048576                                   {product} {ergonomic}
    uintx GCDrainStackTargetSize                   = 64                                        {product} {ergonomic}
   size_t InitialHeapSize                          = 123731968                                 {product} {ergonomic}
   size_t MarkStackSize                            = 4194304                                   {product} {ergonomic}
   size_t MaxHeapSize                              = 2147483648                                {product} {command line}
   size_t MaxNewSize                               = 1287651328                                {product} {ergonomic}
   size_t MinHeapDeltaBytes                        = 1048576                                   {product} {ergonomic}
   size_t MinHeapSize                              = 8388608                                   {product} {ergonomic}
    uintx NonNMethodCodeHeapSize                   = 5839372                                {pd product} {ergonomic}
    uintx NonProfiledCodeHeapSize                  = 122909434                              {pd product} {ergonomic}
    uintx ProfiledCodeHeapSize                     = 122909434                              {pd product} {ergonomic}
    uintx ReservedCodeCacheSize                    = 251658240                              {pd product} {ergonomic}
     bool SegmentedCodeCache                       = true                                      {product} {ergonomic}
   size_t SoftMaxHeapSize                          = 2147483648                             {manageable} {ergonomic}
     bool UseCompressedClassPointers               = true                           {product lp64_product} {ergonomic}
     bool UseCompressedOops                        = true                           {product lp64_product} {ergonomic}
     bool UseG1GC                                  = true                                      {product} {ergonomic}
     bool UseLargePagesIndividualAllocation        = false                                  {pd product} {ergonomic}

Logging:
Log output configuration:
 #0: stdout all=warning uptime,level,tags
 #1: stderr all=off uptime,level,tags

Environment Variables:
PATH=C:\WINDOWS\system32;C:\WINDOWS;C:\WINDOWS\System32\Wbem;C:\WINDOWS\System32\WindowsPowerShell\v1.0\;C:\WINDOWS\System32\OpenSSH\;C:\Program Files\nodejs\;C:\Program Files\HP\HP One Agent;C:\Program Files\Git\cmd;C:\Users\23480\AppData\Local\Programs\Python\Python311\Scripts\;C:\Users\23480\AppData\Local\Programs\Python\Python311\;C:\Users\23480\AppData\Local\Microsoft\WindowsApps;C:\Users\23480\AppData\Local\atom\bin;C:\Users\23480\AppData\Local\Programs\Microsoft VS Code\bin;C:\Users\23480\AppData\Local\Microsoft\WindowsApps;;C:\Program Files\JetBrains\IntelliJ IDEA Community Edition 2023.2.1\bin;;C:\Users\23480\AppData\Roaming\npm
USERNAME=23480
OS=Windows_NT
PROCESSOR_IDENTIFIER=AMD64 Family 23 Model 104 Stepping 1, AuthenticAMD
TMP=C:\Users\23480\AppData\Local\Temp
TEMP=C:\Users\23480\AppData\Local\Temp



Periodic native trim disabled

JNI global refs:
JNI global refs: 26, weak refs: 6

JNI global refs memory usage: 843, weak refs: 841

Process memory usage:
Resident Set Size: 302432K (3% of 7682524K total physical memory with 190148K free physical memory)

OOME stack traces (most recent first):
Classloader memory used:
Loader org.gradle.internal.classloader.VisitableURLClassLoader                         : 3759K
Loader bootstrap                                                                       : 2590K
Loader org.gradle.initialization.MixInLegacyTypesClassLoader                           : 1093K
Loader org.gradle.internal.classloader.VisitableURLClassLoader                         : 118K
Loader org.gradle.internal.classloader.VisitableURLClassLoader$InstrumentingVisitableURLClassLoader: 90418B
Loader jdk.internal.loader.ClassLoaders$PlatformClassLoader                            : 70205B
Loader jdk.internal.reflect.DelegatingClassLoader                                      : 34684B
Loader jdk.internal.loader.ClassLoaders$AppClassLoader                                 : 28747B
Loader org.gradle.groovy.scripts.internal.DefaultScriptCompilationHandler$ScriptClassLoader: 10699B
Loader org.codehaus.groovy.runtime.callsite.CallSiteClassLoader                        : 5853B

Classes loaded by more than one classloader:
Class org.gradle.internal.Cast                                                        : loaded 3 times (x 69B)
Class Program                                                                         : loaded 3 times (x 70B)
Class org.gradle.api.GradleException                                                  : loaded 3 times (x 80B)
Class org.gradle.internal.classpath.ClassPath                                         : loaded 2 times (x 68B)
Class org.gradle.api.internal.classpath.DefaultModuleRegistry                         : loaded 2 times (x 84B)
Class org.gradle.internal.exceptions.NonGradleCauseExceptionsHolder                   : loaded 2 times (x 68B)
Class Settings_gradle$1$1                                                             : loaded 2 times (x 72B)
Class org.gradle.api.Action                                                           : loaded 2 times (x 68B)
Class org.jetbrains.kotlin.idea.gradleTooling.model.samWithReceiver.SamWithReceiverModel: loaded 2 times (x 68B)
Class org.jetbrains.plugins.gradle.model.ExternalProject                              : loaded 2 times (x 68B)
Class org.jetbrains.plugins.gradle.model.IntelliJSettings                             : loaded 2 times (x 68B)
Class org.jetbrains.kotlin.idea.gradleTooling.KotlinMPPGradleModel                    : loaded 2 times (x 68B)
Class org.gradle.api.internal.DefaultClassPathProvider                                : loaded 2 times (x 74B)
Class org.gradle.internal.installation.GradleInstallation$1                           : loaded 2 times (x 73B)
Class org.gradle.internal.exceptions.DefaultMultiCauseException                       : loaded 2 times (x 93B)
Class org.gradle.tooling.model.UnsupportedMethodException                             : loaded 2 times (x 80B)
Class org.gradle.internal.time.MonotonicClock                                         : loaded 2 times (x 75B)
Class org.gradle.internal.classloader.FilteringClassLoader                            : loaded 2 times (x 103B)
Class sync_studio_tooling1_45162o37d58dcmvwf3duk4sa8                                  : loaded 2 times (x 177B)
Class org.gradle.tooling.model.Model                                                  : loaded 2 times (x 68B)
Class org.gradle.internal.classpath.DefaultClassPath$ImmutableUniqueList$Builder      : loaded 2 times (x 73B)
Class org.jetbrains.kotlin.idea.gradleTooling.KotlinSourceSetContainer                : loaded 2 times (x 68B)
Class org.gradle.internal.classloader.ClassLoaderVisitor                              : loaded 2 times (x 74B)
Class org.gradle.internal.time.DefaultCountdownTimer                                  : loaded 2 times (x 86B)
Class org.gradle.internal.service.DefaultServiceLocator                               : loaded 2 times (x 81B)
Class org.jetbrains.plugins.gradle.model.jar.JarTaskManifestConfiguration             : loaded 2 times (x 68B)
Class org.gradle.internal.service.UnknownServiceException                             : loaded 2 times (x 81B)
Class org.jetbrains.plugins.gradle.model.DependencyAccessorsModel                     : loaded 2 times (x 68B)
Class org.gradle.internal.classloader.DefaultClassLoaderFactory                       : loaded 2 times (x 80B)
Class org.jetbrains.plugins.gradle.model.GradleExtensions                             : loaded 2 times (x 68B)
Class org.jetbrains.plugins.gradle.model.VersionCatalogsModel                         : loaded 2 times (x 68B)
Class org.gradle.internal.classloader.VisitableURLClassLoader$Spec                    : loaded 2 times (x 72B)
Class org.gradle.tooling.model.ProjectModel                                           : loaded 2 times (x 68B)
Class org.jetbrains.plugins.gradle.model.MavenRepositoryModel                         : loaded 2 times (x 68B)
Class org.gradle.util.GradleVersion                                                   : loaded 2 times (x 81B)
Class org.gradle.api.internal.classpath.ModuleRegistry                                : loaded 2 times (x 68B)
Class org.jetbrains.plugins.gradle.model.RepositoriesModel                            : loaded 2 times (x 68B)
Class kotlin.jvm.internal.markers.KMappedMarker                                       : loaded 2 times (x 68B)
Class org.gradle.api.internal.ClassPathProvider                                       : loaded 2 times (x 68B)
Class org.gradle.internal.classloader.ClasspathUtil$1                                 : loaded 2 times (x 74B)
Class org.gradle.internal.classloader.ClassLoaderFactory                              : loaded 2 times (x 68B)
Class org.gradle.api.internal.classpath.ManifestUtil                                  : loaded 2 times (x 69B)
Class org.gradle.api.specs.Spec                                                       : loaded 2 times (x 68B)
Class org.gradle.tooling.internal.gradle.GradleBuildIdentity                          : loaded 2 times (x 68B)
Class org.gradle.internal.IoActions                                                   : loaded 2 times (x 69B)
Class org.gradle.api.internal.classpath.EffectiveClassPath                            : loaded 2 times (x 88B)
Class kotlin.jvm.internal.DefaultConstructorMarker                                    : loaded 2 times (x 69B)
Class org.gradle.internal.exceptions.ResolutionProvider                               : loaded 2 times (x 68B)
Class org.jetbrains.kotlin.idea.gradleTooling.model.annotation.AnnotationBasedPluginModel: loaded 2 times (x 68B)
Class org.jetbrains.kotlin.idea.gradleTooling.model.assignment.AssignmentModel        : loaded 2 times (x 68B)
Class org.gradle.internal.installation.CurrentGradleInstallation                      : loaded 2 times (x 71B)
Class org.gradle.internal.agents.InstrumentingClassLoader                             : loaded 2 times (x 68B)
Class org.gradle.internal.installation.CurrentGradleInstallationLocator               : loaded 2 times (x 69B)
Class org.gradle.api.internal.classpath.Module                                        : loaded 2 times (x 68B)
Class org.gradle.internal.service.CachingServiceLocator                               : loaded 2 times (x 80B)
Class org.gradle.internal.time.Timer                                                  : loaded 2 times (x 68B)
Class org.jetbrains.plugins.gradle.model.tests.ExternalTestsModel                     : loaded 2 times (x 68B)
Class org.jetbrains.kotlin.idea.gradleTooling.KotlinDslScriptAdditionalTask           : loaded 2 times (x 68B)
Class org.gradle.internal.classpath.DefaultClassPath                                  : loaded 2 times (x 88B)
Class com.intellij.openapi.externalSystem.model.project.dependencies.ProjectDependencies: loaded 2 times (x 68B)
Class org.jetbrains.kotlin.idea.gradleTooling.PrepareKotlinIdeImportTaskModel         : loaded 2 times (x 68B)
Class org.gradle.internal.impldep.com.google.common.base.Preconditions                : loaded 2 times (x 69B)
Class kotlin.jvm.functions.Function1                                                  : loaded 2 times (x 68B)
Class org.gradle.internal.time.Time                                                   : loaded 2 times (x 69B)
Class org.gradle.internal.time.TimeSource$1                                           : loaded 2 times (x 75B)
Class org.gradle.internal.classloader.SystemClassLoaderSpec                           : loaded 2 times (x 69B)
Class kotlin.Function                                                                 : loaded 2 times (x 68B)
Class org.gradle.api.UncheckedIOException                                             : loaded 2 times (x 80B)
Class org.gradle.tooling.internal.gradle.DefaultProjectIdentifier                     : loaded 2 times (x 84B)
Class org.gradle.tooling.internal.gradle.GradleProjectIdentity                        : loaded 2 times (x 68B)
Class org.gradle.internal.time.CountdownTimer                                         : loaded 2 times (x 68B)
Class org.gradle.internal.time.Clock                                                  : loaded 2 times (x 68B)
Class org.gradle.internal.classloader.ClasspathUtil                                   : loaded 2 times (x 69B)
Class org.gradle.tooling.model.BuildIdentifier                                        : loaded 2 times (x 68B)
Class org.gradle.api.internal.DefaultClassPathRegistry                                : loaded 2 times (x 74B)
Class org.gradle.api.internal.classpath.DefaultModuleRegistry$DefaultModule           : loaded 2 times (x 84B)
Class org.gradle.internal.time.TimeSource                                             : loaded 2 times (x 68B)
Class org.jetbrains.kotlin.android.synthetic.idea.AndroidExtensionsGradleModel        : loaded 2 times (x 68B)
Class org.gradle.api.internal.classpath.UnknownModuleException                        : loaded 2 times (x 80B)
Class org.jetbrains.plugins.gradle.model.IntelliJProjectSettings                      : loaded 2 times (x 68B)
Class org.gradle.internal.service.ServiceLookupException                              : loaded 2 times (x 80B)
Class org.gradle.cache.GlobalCache                                                    : loaded 2 times (x 68B)
Class org.jetbrains.kotlin.idea.gradleTooling.model.lombok.LombokModel                : loaded 2 times (x 68B)
Class org.gradle.tooling.model.ProjectIdentifier                                      : loaded 2 times (x 68B)
Class [Lorg.gradle.api.internal.ClassPathProvider;                                    : loaded 2 times (x 67B)
Class org.gradle.internal.operations.MultipleBuildOperationFailures                   : loaded 2 times (x 93B)
Class org.gradle.util.internal.GUtil                                                  : loaded 2 times (x 69B)
Class org.jetbrains.plugins.gradle.model.AnnotationProcessingModel                    : loaded 2 times (x 68B)
Class org.gradle.internal.classloader.ClassLoaderSpec                                 : loaded 2 times (x 69B)
Class ijInit1_7hjbmxr7g71jnfwomne6jl5ud                                               : loaded 2 times (x 177B)
Class org.gradle.internal.classloader.VisitableURLClassLoader                         : loaded 2 times (x 115B)
Class org.gradle.internal.installation.GradleInstallation                             : loaded 2 times (x 73B)
Class org.gradle.api.internal.ClassPathRegistry                                       : loaded 2 times (x 68B)
Class org.gradle.internal.classloader.VisitableURLClassLoader$InstrumentingVisitableURLClassLoader: loaded 2 times (x 121B)
Class org.gradle.internal.classloader.ClassLoaderHierarchy                            : loaded 2 times (x 68B)
Class org.gradle.internal.exceptions.MultiCauseException                              : loaded 2 times (x 68B)
Class org.jetbrains.kotlin.idea.gradleTooling.model.parcelize.ParcelizeGradleModel    : loaded 2 times (x 68B)
Class sync_studio_tooling1_45162o37d58dcmvwf3duk4sa8$_run_closure1                    : loaded 2 times (x 137B)
Class org.gradle.internal.InternalTransformer                                         : loaded 2 times (x 68B)
Class org.jetbrains.kotlin.idea.gradleTooling.model.noarg.NoArgModel                  : loaded 2 times (x 68B)
Class org.jetbrains.kotlin.idea.gradleTooling.KotlinGradleModel                       : loaded 2 times (x 68B)
Class org.gradle.tooling.internal.gradle.DefaultBuildIdentifier                       : loaded 2 times (x 77B)
Class org.gradle.internal.service.ServiceLocator                                      : loaded 2 times (x 68B)
Class Settings_gradle$1                                                               : loaded 2 times (x 72B)
Class org.jetbrains.kotlin.idea.gradleTooling.model.allopen.AllOpenModel              : loaded 2 times (x 68B)
Class org.gradle.internal.classpath.DefaultClassPath$ImmutableUniqueList              : loaded 2 times (x 159B)
Class org.gradle.internal.time.DefaultTimer                                           : loaded 2 times (x 78B)
Class org.gradle.internal.classpath.TransformedClassPath                              : loaded 2 times (x 94B)
Class Settings_gradle                                                                 : loaded 2 times (x 126B)


---------------  S Y S T E M  ---------------

OS:
 Windows 11 , 64 bit Build 22621 (10.0.22621.3958)
OS uptime: 0 days 17:25 hours
Hyper-V role detected

CPU: total 8 (initial active 8) (8 cores per cpu, 2 threads per core) family 23 model 104 stepping 1 microcode 0x0, cx8, cmov, fxsr, ht, mmx, 3dnowpref, sse, sse2, sse3, ssse3, sse4a, sse4.1, sse4.2, popcnt, lzcnt, tsc, tscinvbit, avx, avx2, aes, clmul, bmi1, bmi2, adx, sha, fma, vzeroupper, clflush, clflushopt, hv
Processor Information for processor 0
  Max Mhz: 2600, Current Mhz: 1789, Mhz Limit: 2600
Processor Information for processor 1
  Max Mhz: 2600, Current Mhz: 1896, Mhz Limit: 2600
Processor Information for processor 2
  Max Mhz: 2600, Current Mhz: 1896, Mhz Limit: 2600
Processor Information for processor 3
  Max Mhz: 2600, Current Mhz: 1896, Mhz Limit: 2600
Processor Information for processor 4
  Max Mhz: 2600, Current Mhz: 1896, Mhz Limit: 2600
Processor Information for processor 5
  Max Mhz: 2600, Current Mhz: 1896, Mhz Limit: 2600
Processor Information for processor 6
  Max Mhz: 2600, Current Mhz: 1896, Mhz Limit: 2600
Processor Information for processor 7
  Max Mhz: 2600, Current Mhz: 1789, Mhz Limit: 2600

Memory: 4k page, system-wide physical 7502M (184M free)
TotalPageFile size 11571M (AvailPageFile size 6M)
current process WorkingSet (physical memory assigned to process): 295M, peak: 296M
current process commit charge ("private bytes"): 334M, peak: 360M

vm_info: OpenJDK 64-Bit Server VM (17.0.11+0--11852314) for windows-amd64 JRE (17.0.11+0--11852314), built on May 16 2024 21:29:20 by "androidbuild" with MS VC++ 16.10 / 16.11 (VS2019)

END.
